<?xml version="1.0" encoding="UTF-8"?>
<testsuite name="de.quality.test.VWTest" tests="3" skipped="0" failures="0" errors="0" timestamp="2015-10-08T18:20:12" hostname="silentpower" time="0.007">
  <properties/>
  <testcase name="shouldFailAssert" classname="de.quality.test.VWTest" time="0.007"/>
  <testcase name="shouldJustFail" classname="de.quality.test.VWTest" time="0.0"/>
  <testcase name="shouldThrowException" classname="de.quality.test.VWTest" time="0.0"/>
  <system-out><![CDATA[]]></system-out>
  <system-err><![CDATA[]]></system-err>
</testsuite>
